{"level":"info","message":"Server running on port 3000","service":"ascendance-backend","timestamp":"2025-05-15 13:06:40"}
{"level":"info","message":"MongoDB connected","service":"ascendance-backend","timestamp":"2025-05-15 13:06:40"}
{"level":"info","message":"Server running on port 3000","service":"ascendance-backend","timestamp":"2025-05-15 13:07:04"}
{"level":"info","message":"MongoDB connected","service":"ascendance-backend","timestamp":"2025-05-15 13:07:05"}
{"level":"info","message":"Server running on port 3000","service":"ascendance-backend","timestamp":"2025-05-15 13:07:10"}
{"level":"info","message":"MongoDB connected","service":"ascendance-backend","timestamp":"2025-05-15 13:07:11"}
{"level":"info","message":"Server running on port 3000","service":"ascendance-backend","timestamp":"2025-05-15 13:07:16"}
{"level":"info","message":"MongoDB connected","service":"ascendance-backend","timestamp":"2025-05-15 13:07:17"}
{"body":{"email":"andranag@hotmail.gr","name":"Andreas Anagnostou","password":"Aiypwzqp!123","role":"student"},"level":"error","message":"ERROR - Server Error","method":"POST","path":"/users/register","service":"ascendance-backend","stack":"Error: Server Error\n    at C:\\Users\\andra\\OneDrive\\Documents\\AscenDance\\backend\\src\\controllers\\userController.js:67:10\n    at process.processTicksAndRejections (node:internal/process/task_queues:105:5)","timestamp":"2025-05-15 13:07:49","user":"unauthenticated"}
{"level":"info","message":"Server running on port 3000","service":"ascendance-backend","timestamp":"2025-05-15 13:08:09"}
{"level":"info","message":"MongoDB connected","service":"ascendance-backend","timestamp":"2025-05-15 13:08:10"}
{"body":{"email":"andranag@hotmail.gr","name":"Andreas Anagnostou","password":"Aiypwzqp!123","role":"student"},"level":"error","message":"FAIL - User already exists","method":"POST","path":"/users/register","service":"ascendance-backend","stack":"Error: User already exists\n    at C:\\Users\\andra\\OneDrive\\Documents\\AscenDance\\backend\\src\\controllers\\userController.js:29:33\n    at process.processTicksAndRejections (node:internal/process/task_queues:105:5)","timestamp":"2025-05-15 13:08:44","user":"unauthenticated"}
{"body":{"email":"andranag@hotmail.gr","password":"Aiypwzqp!123"},"level":"error","message":"FAIL - Please verify your email","method":"POST","path":"/users/login","service":"ascendance-backend","stack":"Error: Please verify your email\n    at C:\\Users\\andra\\OneDrive\\Documents\\AscenDance\\backend\\src\\controllers\\userController.js:89:17","timestamp":"2025-05-15 13:08:58","user":"unauthenticated"}
{"level":"info","message":"Server running on port 3000","service":"ascendance-backend","timestamp":"2025-05-15 13:10:30"}
{"level":"info","message":"MongoDB connected","service":"ascendance-backend","timestamp":"2025-05-15 13:10:32"}
{"level":"info","message":"Server running on port 3000","service":"ascendance-backend","timestamp":"2025-05-15 13:11:03"}
{"level":"info","message":"MongoDB connected","service":"ascendance-backend","timestamp":"2025-05-15 13:11:06"}
{"body":{"email":"andranag@hotmail.gr","password":"Aiypwzqp!123"},"level":"error","message":"FAIL - Please verify your email","method":"POST","path":"/users/login","service":"ascendance-backend","stack":"Error: Please verify your email\n    at C:\\Users\\andra\\OneDrive\\Documents\\AscenDance\\backend\\src\\controllers\\userController.js:89:17","timestamp":"2025-05-15 13:11:53","user":"unauthenticated"}
{"body":{"email":"andranag@hotmail.gr","password":"Aiypwzqp!123"},"level":"error","message":"FAIL - Please verify your email","method":"POST","path":"/users/login","service":"ascendance-backend","stack":"Error: Please verify your email\n    at C:\\Users\\andra\\OneDrive\\Documents\\AscenDance\\backend\\src\\controllers\\userController.js:89:17","timestamp":"2025-05-15 13:12:08","user":"unauthenticated"}
{"level":"info","message":"Server running on port 3000","service":"ascendance-backend","timestamp":"2025-05-15 13:13:22"}
{"level":"info","message":"MongoDB connected","service":"ascendance-backend","timestamp":"2025-05-15 13:13:25"}
{"level":"info","message":"Server running on port 3000","service":"ascendance-backend","timestamp":"2025-05-15 13:13:35"}
{"level":"info","message":"MongoDB connected","service":"ascendance-backend","timestamp":"2025-05-15 13:13:47"}
{"level":"info","message":"Server running on port 3000","service":"ascendance-backend","timestamp":"2025-05-15 13:13:57"}
{"level":"info","message":"MongoDB connected","service":"ascendance-backend","timestamp":"2025-05-15 13:14:04"}
{"ipAddress":"::1","level":"info","message":"User Activity","method":"GET","path":"/users/validate","requestBody":{},"service":"ascendance-backend","status":200,"timestamp":"2025-05-15T10:16:39.525Z","user":null,"userAgent":"Mozilla/5.0 (Linux; Android 6.0; Nexus 5 Build/MRA58N) AppleWebKit/537.36 (KHTML, like Gecko) Chrome/136.0.0.0 Mobile Safari/537.36"}
{"body":{},"level":"error","message":"FAIL - Can't find /users/validate on this server","method":"GET","path":"/users/validate","service":"ascendance-backend","stack":"Error: Can't find /users/validate on this server\n    at C:\\Users\\andra\\OneDrive\\Documents\\AscenDance\\backend\\server.js:64:8\n    at Layer.handle [as handle_request] (C:\\Users\\andra\\OneDrive\\Documents\\AscenDance\\backend\\node_modules\\express\\lib\\router\\layer.js:95:5)\n    at next (C:\\Users\\andra\\OneDrive\\Documents\\AscenDance\\backend\\node_modules\\express\\lib\\router\\route.js:149:13)\n    at next (C:\\Users\\andra\\OneDrive\\Documents\\AscenDance\\backend\\node_modules\\express\\lib\\router\\route.js:145:7)\n    at next (C:\\Users\\andra\\OneDrive\\Documents\\AscenDance\\backend\\node_modules\\express\\lib\\router\\route.js:145:7)\n    at next (C:\\Users\\andra\\OneDrive\\Documents\\AscenDance\\backend\\node_modules\\express\\lib\\router\\route.js:145:7)\n    at next (C:\\Users\\andra\\OneDrive\\Documents\\AscenDance\\backend\\node_modules\\express\\lib\\router\\route.js:145:7)\n    at next (C:\\Users\\andra\\OneDrive\\Documents\\AscenDance\\backend\\node_modules\\express\\lib\\router\\route.js:145:7)\n    at next (C:\\Users\\andra\\OneDrive\\Documents\\AscenDance\\backend\\node_modules\\express\\lib\\router\\route.js:145:7)\n    at Route.dispatch (C:\\Users\\andra\\OneDrive\\Documents\\AscenDance\\backend\\node_modules\\express\\lib\\router\\route.js:119:3)","timestamp":"2025-05-15 13:16:39","user":"unauthenticated"}
{"ipAddress":"::1","level":"info","message":"User Activity","method":"GET","path":"/users/validate","requestBody":{},"service":"ascendance-backend","status":200,"timestamp":"2025-05-15T10:16:39.629Z","user":null,"userAgent":"Mozilla/5.0 (Linux; Android 6.0; Nexus 5 Build/MRA58N) AppleWebKit/537.36 (KHTML, like Gecko) Chrome/136.0.0.0 Mobile Safari/537.36"}
{"body":{},"level":"error","message":"FAIL - Can't find /users/validate on this server","method":"GET","path":"/users/validate","service":"ascendance-backend","stack":"Error: Can't find /users/validate on this server\n    at C:\\Users\\andra\\OneDrive\\Documents\\AscenDance\\backend\\server.js:64:8\n    at Layer.handle [as handle_request] (C:\\Users\\andra\\OneDrive\\Documents\\AscenDance\\backend\\node_modules\\express\\lib\\router\\layer.js:95:5)\n    at next (C:\\Users\\andra\\OneDrive\\Documents\\AscenDance\\backend\\node_modules\\express\\lib\\router\\route.js:149:13)\n    at next (C:\\Users\\andra\\OneDrive\\Documents\\AscenDance\\backend\\node_modules\\express\\lib\\router\\route.js:145:7)\n    at next (C:\\Users\\andra\\OneDrive\\Documents\\AscenDance\\backend\\node_modules\\express\\lib\\router\\route.js:145:7)\n    at next (C:\\Users\\andra\\OneDrive\\Documents\\AscenDance\\backend\\node_modules\\express\\lib\\router\\route.js:145:7)\n    at next (C:\\Users\\andra\\OneDrive\\Documents\\AscenDance\\backend\\node_modules\\express\\lib\\router\\route.js:145:7)\n    at next (C:\\Users\\andra\\OneDrive\\Documents\\AscenDance\\backend\\node_modules\\express\\lib\\router\\route.js:145:7)\n    at next (C:\\Users\\andra\\OneDrive\\Documents\\AscenDance\\backend\\node_modules\\express\\lib\\router\\route.js:145:7)\n    at Route.dispatch (C:\\Users\\andra\\OneDrive\\Documents\\AscenDance\\backend\\node_modules\\express\\lib\\router\\route.js:119:3)","timestamp":"2025-05-15 13:16:39","user":"unauthenticated"}
{"body":{"email":"ellie@gmail.com","name":"Ellie","password":"1Ellie!123","role":"student"},"level":"error","message":"ERROR - Server Error","method":"POST","path":"/users/register","service":"ascendance-backend","stack":"Error: Server Error\n    at C:\\Users\\andra\\OneDrive\\Documents\\AscenDance\\backend\\src\\controllers\\userController.js:67:10\n    at process.processTicksAndRejections (node:internal/process/task_queues:105:5)","timestamp":"2025-05-15 13:17:56","user":"unauthenticated"}
{"level":"info","message":"Server running on port 3000","service":"ascendance-backend","timestamp":"2025-05-15 13:18:24"}
{"level":"info","message":"MongoDB connected","service":"ascendance-backend","timestamp":"2025-05-15 13:18:24"}
{"body":{"email":"ellie@gmail.com","password":"Ellie!123"},"level":"error","message":"FAIL - Invalid credentials","method":"POST","path":"/users/login","service":"ascendance-backend","stack":"Error: Invalid credentials\n    at C:\\Users\\andra\\OneDrive\\Documents\\AscenDance\\backend\\src\\controllers\\userController.js:64:17","timestamp":"2025-05-15 13:18:25","user":"unauthenticated"}
{"level":"info","message":"Server running on port 3000","service":"ascendance-backend","timestamp":"2025-05-15 13:18:31"}
{"level":"info","message":"MongoDB connected","service":"ascendance-backend","timestamp":"2025-05-15 13:18:32"}
{"level":"info","message":"Server running on port 3000","service":"ascendance-backend","timestamp":"2025-05-15 13:18:37"}
{"level":"info","message":"MongoDB connected","service":"ascendance-backend","timestamp":"2025-05-15 13:18:38"}
{"level":"info","message":"Server running on port 3000","service":"ascendance-backend","timestamp":"2025-05-15 13:18:54"}
{"level":"info","message":"MongoDB connected","service":"ascendance-backend","timestamp":"2025-05-15 13:18:55"}
{"level":"info","message":"Server running on port 3000","service":"ascendance-backend","timestamp":"2025-05-15 13:19:05"}
{"level":"info","message":"MongoDB connected","service":"ascendance-backend","timestamp":"2025-05-15 13:19:06"}
{"body":{"email":"ellie@gmail.com","password":"Ellie!123"},"level":"error","message":"FAIL - Invalid credentials","method":"POST","path":"/users/login","service":"ascendance-backend","stack":"Error: Invalid credentials\n    at C:\\Users\\andra\\OneDrive\\Documents\\AscenDance\\backend\\src\\controllers\\userController.js:51:17","timestamp":"2025-05-15 13:19:32","user":"unauthenticated"}
{"level":"info","message":"Server running on port 3000","service":"ascendance-backend","timestamp":"2025-05-15 13:24:07"}
{"level":"info","message":"MongoDB connected","service":"ascendance-backend","timestamp":"2025-05-15 13:24:08"}
{"ipAddress":"::1","level":"info","message":"User Activity","method":"GET","path":"/users/validate","requestBody":{},"service":"ascendance-backend","status":200,"timestamp":"2025-05-15T10:28:15.832Z","user":null,"userAgent":"Mozilla/5.0 (Linux; Android 6.0; Nexus 5 Build/MRA58N) AppleWebKit/537.36 (KHTML, like Gecko) Chrome/136.0.0.0 Mobile Safari/537.36"}
{"body":{},"level":"error","message":"FAIL - Can't find /users/validate on this server","method":"GET","path":"/users/validate","service":"ascendance-backend","stack":"Error: Can't find /users/validate on this server\n    at C:\\Users\\andra\\OneDrive\\Documents\\AscenDance\\backend\\server.js:64:8\n    at Layer.handle [as handle_request] (C:\\Users\\andra\\OneDrive\\Documents\\AscenDance\\backend\\node_modules\\express\\lib\\router\\layer.js:95:5)\n    at next (C:\\Users\\andra\\OneDrive\\Documents\\AscenDance\\backend\\node_modules\\express\\lib\\router\\route.js:149:13)\n    at next (C:\\Users\\andra\\OneDrive\\Documents\\AscenDance\\backend\\node_modules\\express\\lib\\router\\route.js:145:7)\n    at next (C:\\Users\\andra\\OneDrive\\Documents\\AscenDance\\backend\\node_modules\\express\\lib\\router\\route.js:145:7)\n    at next (C:\\Users\\andra\\OneDrive\\Documents\\AscenDance\\backend\\node_modules\\express\\lib\\router\\route.js:145:7)\n    at next (C:\\Users\\andra\\OneDrive\\Documents\\AscenDance\\backend\\node_modules\\express\\lib\\router\\route.js:145:7)\n    at next (C:\\Users\\andra\\OneDrive\\Documents\\AscenDance\\backend\\node_modules\\express\\lib\\router\\route.js:145:7)\n    at next (C:\\Users\\andra\\OneDrive\\Documents\\AscenDance\\backend\\node_modules\\express\\lib\\router\\route.js:145:7)\n    at Route.dispatch (C:\\Users\\andra\\OneDrive\\Documents\\AscenDance\\backend\\node_modules\\express\\lib\\router\\route.js:119:3)","timestamp":"2025-05-15 13:28:15","user":"unauthenticated"}
{"ipAddress":"::1","level":"info","message":"User Activity","method":"GET","path":"/users/validate","requestBody":{},"service":"ascendance-backend","status":200,"timestamp":"2025-05-15T10:28:15.938Z","user":null,"userAgent":"Mozilla/5.0 (Linux; Android 6.0; Nexus 5 Build/MRA58N) AppleWebKit/537.36 (KHTML, like Gecko) Chrome/136.0.0.0 Mobile Safari/537.36"}
{"body":{},"level":"error","message":"FAIL - Can't find /users/validate on this server","method":"GET","path":"/users/validate","service":"ascendance-backend","stack":"Error: Can't find /users/validate on this server\n    at C:\\Users\\andra\\OneDrive\\Documents\\AscenDance\\backend\\server.js:64:8\n    at Layer.handle [as handle_request] (C:\\Users\\andra\\OneDrive\\Documents\\AscenDance\\backend\\node_modules\\express\\lib\\router\\layer.js:95:5)\n    at next (C:\\Users\\andra\\OneDrive\\Documents\\AscenDance\\backend\\node_modules\\express\\lib\\router\\route.js:149:13)\n    at next (C:\\Users\\andra\\OneDrive\\Documents\\AscenDance\\backend\\node_modules\\express\\lib\\router\\route.js:145:7)\n    at next (C:\\Users\\andra\\OneDrive\\Documents\\AscenDance\\backend\\node_modules\\express\\lib\\router\\route.js:145:7)\n    at next (C:\\Users\\andra\\OneDrive\\Documents\\AscenDance\\backend\\node_modules\\express\\lib\\router\\route.js:145:7)\n    at next (C:\\Users\\andra\\OneDrive\\Documents\\AscenDance\\backend\\node_modules\\express\\lib\\router\\route.js:145:7)\n    at next (C:\\Users\\andra\\OneDrive\\Documents\\AscenDance\\backend\\node_modules\\express\\lib\\router\\route.js:145:7)\n    at next (C:\\Users\\andra\\OneDrive\\Documents\\AscenDance\\backend\\node_modules\\express\\lib\\router\\route.js:145:7)\n    at Route.dispatch (C:\\Users\\andra\\OneDrive\\Documents\\AscenDance\\backend\\node_modules\\express\\lib\\router\\route.js:119:3)","timestamp":"2025-05-15 13:28:15","user":"unauthenticated"}
{"level":"info","message":"Server running on port 3000","service":"ascendance-backend","timestamp":"2025-05-15 13:30:06"}
{"level":"info","message":"MongoDB connected","service":"ascendance-backend","timestamp":"2025-05-15 13:30:07"}
{"ip":"::1","level":"warn","message":"Rate limit exceeded for IP ::1","method":"POST","path":"/","service":"ascendance-backend","timestamp":"2025-05-15 13:39:19"}
{"ip":"::1","level":"warn","message":"Rate limit exceeded for IP ::1","method":"POST","path":"/","service":"ascendance-backend","timestamp":"2025-05-15 13:39:28"}
{"ip":"::1","level":"warn","message":"Rate limit exceeded for IP ::1","method":"POST","path":"/","service":"ascendance-backend","timestamp":"2025-05-15 13:39:35"}
{"ip":"::1","level":"warn","message":"Rate limit exceeded for IP ::1","method":"POST","path":"/","service":"ascendance-backend","timestamp":"2025-05-15 13:39:47"}
{"level":"info","message":"Server running on port 3000","service":"ascendance-backend","timestamp":"2025-05-15 13:40:22"}
{"level":"info","message":"MongoDB connected","service":"ascendance-backend","timestamp":"2025-05-15 13:40:23"}
{"level":"info","message":"Server running on port 3000","service":"ascendance-backend","timestamp":"2025-05-15 13:40:31"}
{"level":"info","message":"MongoDB connected","service":"ascendance-backend","timestamp":"2025-05-15 13:40:31"}
{"body":{"email":"emily_tsimidaki@hotmail.com","name":"Emily Tsimidaki","password":"Emily!123","role":"student"},"level":"error","message":"FAIL - User already exists","method":"POST","path":"/users/register","service":"ascendance-backend","stack":"Error: User already exists\n    at C:\\Users\\andra\\OneDrive\\Documents\\AscenDance\\backend\\src\\controllers\\userController.js:20:31\n    at process.processTicksAndRejections (node:internal/process/task_queues:105:5)","timestamp":"2025-05-15 13:48:04","user":"unauthenticated"}
{"body":{"email":"ellie@gmail.com","password":"Ellie!123"},"level":"error","message":"FAIL - Invalid credentials","method":"POST","path":"/users/login","service":"ascendance-backend","stack":"Error: Invalid credentials\n    at C:\\Users\\andra\\OneDrive\\Documents\\AscenDance\\backend\\src\\controllers\\userController.js:51:17","timestamp":"2025-05-15 13:57:23","user":"unauthenticated"}
{"level":"info","message":"Server running on port 3000","service":"ascendance-backend","timestamp":"2025-05-15 14:22:31"}
{"level":"info","message":"MongoDB connected","service":"ascendance-backend","timestamp":"2025-05-15 14:22:37"}
{"ip":"::1","level":"warn","message":"Rate limit exceeded for IP ::1","method":"POST","path":"/","service":"ascendance-backend","timestamp":"2025-05-15 14:43:33"}
{"ip":"::1","level":"warn","message":"Rate limit exceeded for IP ::1","method":"POST","path":"/","service":"ascendance-backend","timestamp":"2025-05-15 14:43:56"}
{"ip":"::1","level":"warn","message":"Rate limit exceeded for IP ::1","method":"POST","path":"/","service":"ascendance-backend","timestamp":"2025-05-15 14:44:11"}
{"ip":"::1","level":"warn","message":"Rate limit exceeded for IP ::1","method":"POST","path":"/","service":"ascendance-backend","timestamp":"2025-05-15 14:44:18"}
{"ip":"::1","level":"warn","message":"Rate limit exceeded for IP ::1","method":"POST","path":"/","service":"ascendance-backend","timestamp":"2025-05-15 14:52:54"}
{"ip":"::1","level":"warn","message":"Rate limit exceeded for IP ::1","method":"POST","path":"/","service":"ascendance-backend","timestamp":"2025-05-15 14:53:03"}
{"ip":"::1","level":"warn","message":"Rate limit exceeded for IP ::1","method":"POST","path":"/","service":"ascendance-backend","timestamp":"2025-05-15 14:54:28"}
{"ip":"::1","level":"warn","message":"Rate limit exceeded for IP ::1","method":"POST","path":"/","service":"ascendance-backend","timestamp":"2025-05-15 14:57:59"}
{"ip":"::1","level":"warn","message":"Rate limit exceeded for IP ::1","method":"POST","path":"/","service":"ascendance-backend","timestamp":"2025-05-15 14:58:08"}
{"ip":"::1","level":"warn","message":"Rate limit exceeded for IP ::1","method":"POST","path":"/","service":"ascendance-backend","timestamp":"2025-05-15 14:59:05"}
{"body":{},"level":"error","message":"FAIL - Authentication failed","method":"GET","path":"/users/validate","service":"ascendance-backend","stack":"Error: Authentication failed\n    at C:\\Users\\andra\\OneDrive\\Documents\\AscenDance\\backend\\src\\controllers\\userController.js:197:17\n    at processTicksAndRejections (node:internal/process/task_queues:105:5)\n    at runNextTicks (node:internal/process/task_queues:69:3)\n    at process.processTimers (node:internal/timers:526:9)","timestamp":"2025-05-15 23:13:09","user":"unauthenticated"}
{"body":{},"level":"error","message":"FAIL - Authentication failed","method":"GET","path":"/users/validate","service":"ascendance-backend","stack":"Error: Authentication failed\n    at C:\\Users\\andra\\OneDrive\\Documents\\AscenDance\\backend\\src\\controllers\\userController.js:197:17\n    at processTicksAndRejections (node:internal/process/task_queues:105:5)\n    at runNextTicks (node:internal/process/task_queues:69:3)\n    at process.processTimers (node:internal/timers:526:9)","timestamp":"2025-05-16 15:33:05","user":"unauthenticated"}
{"level":"info","message":"Server running on port 3000","service":"ascendance-backend","timestamp":"2025-05-16 15:39:23"}
{"level":"info","message":"MongoDB connected","service":"ascendance-backend","timestamp":"2025-05-16 15:39:24"}
